2018-12-19 14:55:35,789 INFO  [Log] **************************************************************************************** 
2018-12-19 14:55:35,789 INFO  [Log] **************************************************************************************** 
2018-12-19 14:55:35,789 INFO  [Log] $$$$$$$$$$$$$$$$$$$$$                 tc_shoppingCartTesting       $$$$$$$$$$$$$$$$$$$$$$$$$ 
2018-12-19 14:55:35,790 INFO  [Log] **************************************************************************************** 
2018-12-19 14:55:35,790 INFO  [Log] **************************************************************************************** 
2018-12-19 14:55:52,560 INFO  [Log] Opening Browser: FF 
2018-12-19 14:55:52,631 INFO  [Log] Searching for Item: IPhone 
2018-12-19 14:55:53,840 INFO  [Log] Qty added to cart: 2 
2018-12-19 14:55:55,582 INFO  [Log] customerName: Adam 
2018-12-19 14:55:55,671 INFO  [Log] customerCity: MIAMI BEACH 
2018-12-19 14:55:55,712 INFO  [Log] customerState: FL 
2018-12-19 14:55:57,284 INFO  [Log] orderConfirmation: Thank you for ordering with us! 
2018-12-19 14:55:59,409 INFO  [Log] XXXXXXXXXXXXXXXXXXXXXXX             -E---N---D-             XXXXXXXXXXXXXXXXXXXXXX 
2018-12-19 14:55:59,409 INFO  [Log]   
2018-12-19 14:55:59,409 INFO  [Log]   
2018-12-19 14:55:59,409 INFO  [Log]   
2018-12-19 14:55:59,409 INFO  [Log] ----------------------- 
2018-12-19 14:55:59,962 INFO  [Log] **************************************************************************************** 
2018-12-19 14:55:59,962 INFO  [Log] **************************************************************************************** 
2018-12-19 14:55:59,962 INFO  [Log] $$$$$$$$$$$$$$$$$$$$$                 tc_shoppingCartTesting       $$$$$$$$$$$$$$$$$$$$$$$$$ 
2018-12-19 14:55:59,962 INFO  [Log] **************************************************************************************** 
2018-12-19 14:55:59,962 INFO  [Log] **************************************************************************************** 
2018-12-19 14:56:11,292 INFO  [Log] Opening Browser: FF 
2018-12-19 14:56:11,382 INFO  [Log] Searching for Item: TV 
2018-12-19 14:56:12,683 INFO  [Log] Qty added to cart: 3 
2018-12-19 14:56:14,213 INFO  [Log] customerName: Brett 
2018-12-19 14:56:14,315 INFO  [Log] customerCity: MANHATTAN 
2018-12-19 14:56:14,358 INFO  [Log] customerState: NY 
2018-12-19 14:56:15,833 INFO  [Log] orderConfirmation: Thank you for ordering with us! 
2018-12-19 14:56:17,443 INFO  [Log] XXXXXXXXXXXXXXXXXXXXXXX             -E---N---D-             XXXXXXXXXXXXXXXXXXXXXX 
2018-12-19 14:56:17,443 INFO  [Log]   
2018-12-19 14:56:17,443 INFO  [Log]   
2018-12-19 14:56:17,443 INFO  [Log]   
2018-12-19 14:56:17,443 INFO  [Log] ----------------------- 
2018-12-19 14:56:17,612 INFO  [Log] **************************************************************************************** 
2018-12-19 14:56:17,612 INFO  [Log] **************************************************************************************** 
2018-12-19 14:56:17,612 INFO  [Log] $$$$$$$$$$$$$$$$$$$$$                 tc_shoppingCartTesting       $$$$$$$$$$$$$$$$$$$$$$$$$ 
2018-12-19 14:56:17,612 INFO  [Log] **************************************************************************************** 
2018-12-19 14:56:17,612 INFO  [Log] **************************************************************************************** 
2018-12-19 14:56:26,047 INFO  [Log] Opening Browser: chrome 
2018-12-19 14:56:26,194 INFO  [Log] Searching for Item: Canon 
2018-12-19 14:56:27,300 INFO  [Log] Qty added to cart: 4 
2018-12-19 14:56:28,872 INFO  [Log] customerName: Christene 
2018-12-19 14:56:29,234 INFO  [Log] customerCity: ALPHARETTA 
2018-12-19 14:56:29,343 INFO  [Log] customerState: GA 
2018-12-19 14:56:32,185 INFO  [Log] orderConfirmation: Thank you for ordering with us! 
2018-12-19 14:56:32,895 INFO  [Log] XXXXXXXXXXXXXXXXXXXXXXX             -E---N---D-             XXXXXXXXXXXXXXXXXXXXXX 
2018-12-19 14:56:32,895 INFO  [Log]   
2018-12-19 14:56:32,895 INFO  [Log]   
2018-12-19 14:56:32,895 INFO  [Log]   
2018-12-19 14:56:32,895 INFO  [Log] ----------------------- 
2018-12-19 14:56:33,067 INFO  [Log] **************************************************************************************** 
2018-12-19 14:56:33,068 INFO  [Log] **************************************************************************************** 
2018-12-19 14:56:33,068 INFO  [Log] $$$$$$$$$$$$$$$$$$$$$                 tc_shoppingCartTesting       $$$$$$$$$$$$$$$$$$$$$$$$$ 
2018-12-19 14:56:33,068 INFO  [Log] **************************************************************************************** 
2018-12-19 14:56:33,068 INFO  [Log] **************************************************************************************** 
2018-12-19 14:56:39,250 INFO  [Log] Opening Browser: chrome 
2018-12-19 14:56:39,390 INFO  [Log] Searching for Item: Echo 
2018-12-19 14:56:40,953 INFO  [Log] Qty added to cart: 5 
2018-12-19 14:56:42,535 INFO  [Log] customerName: David 
2018-12-19 14:56:42,876 INFO  [Log] customerCity: BOSTON 
2018-12-19 14:56:42,991 INFO  [Log] customerState: MA 
2018-12-19 14:56:46,112 INFO  [Log] orderConfirmation: Thank you for ordering with us! 
2018-12-19 14:56:46,831 INFO  [Log] XXXXXXXXXXXXXXXXXXXXXXX             -E---N---D-             XXXXXXXXXXXXXXXXXXXXXX 
2018-12-19 14:56:46,831 INFO  [Log]   
2018-12-19 14:56:46,832 INFO  [Log]   
2018-12-19 14:56:46,832 INFO  [Log]   
2018-12-19 14:56:46,832 INFO  [Log] ----------------------- 
2018-12-19 16:45:45,401 INFO  [Log] **************************************************************************************** 
2018-12-19 16:45:45,402 INFO  [Log] **************************************************************************************** 
2018-12-19 16:45:45,402 INFO  [Log] $$$$$$$$$$$$$$$$$$$$$                 tc_shoppingCartTesting       $$$$$$$$$$$$$$$$$$$$$$$$$ 
2018-12-19 16:45:45,402 INFO  [Log] **************************************************************************************** 
2018-12-19 16:45:45,402 INFO  [Log] **************************************************************************************** 
2018-12-19 16:45:57,529 INFO  [Log] Opening Browser: FF 
2018-12-19 16:45:57,595 INFO  [Log] Searching for Item: IPhone 
2018-12-19 16:45:58,829 INFO  [Log] Qty added to cart: 2 
2018-12-19 16:46:00,641 INFO  [Log] customerName: Adam 
2018-12-19 16:46:00,734 INFO  [Log] customerCity: MIAMI BEACH 
2018-12-19 16:46:00,767 INFO  [Log] customerState: FL 
2018-12-19 16:46:01,998 INFO  [Log] orderConfirmation: Thank you for ordering with us! 
2018-12-19 16:46:03,702 INFO  [Log] XXXXXXXXXXXXXXXXXXXXXXX             -E---N---D-             XXXXXXXXXXXXXXXXXXXXXX 
2018-12-19 16:46:03,702 INFO  [Log]   
2018-12-19 16:46:03,702 INFO  [Log]   
2018-12-19 16:46:03,702 INFO  [Log]   
2018-12-19 16:46:03,703 INFO  [Log] ----------------------- 
2018-12-19 16:46:04,181 INFO  [Log] **************************************************************************************** 
2018-12-19 16:46:04,182 INFO  [Log] **************************************************************************************** 
2018-12-19 16:46:04,182 INFO  [Log] $$$$$$$$$$$$$$$$$$$$$                 tc_shoppingCartTesting       $$$$$$$$$$$$$$$$$$$$$$$$$ 
2018-12-19 16:46:04,182 INFO  [Log] **************************************************************************************** 
2018-12-19 16:46:04,182 INFO  [Log] **************************************************************************************** 
2018-12-19 16:46:14,302 INFO  [Log] Opening Browser: FF 
2018-12-19 16:46:14,362 INFO  [Log] Searching for Item: TV 
2018-12-19 16:46:15,417 INFO  [Log] Qty added to cart: 3 
2018-12-19 16:46:16,842 INFO  [Log] customerName: Brett 
2018-12-19 16:46:16,915 INFO  [Log] customerCity: MANHATTAN 
2018-12-19 16:46:16,949 INFO  [Log] customerState: NY 
2018-12-19 16:46:18,352 INFO  [Log] orderConfirmation: Thank you for ordering with us! 
2018-12-19 16:46:19,876 INFO  [Log] XXXXXXXXXXXXXXXXXXXXXXX             -E---N---D-             XXXXXXXXXXXXXXXXXXXXXX 
2018-12-19 16:46:19,876 INFO  [Log]   
2018-12-19 16:46:19,876 INFO  [Log]   
2018-12-19 16:46:19,876 INFO  [Log]   
2018-12-19 16:46:19,876 INFO  [Log] ----------------------- 
2018-12-19 16:46:20,083 INFO  [Log] **************************************************************************************** 
2018-12-19 16:46:20,083 INFO  [Log] **************************************************************************************** 
2018-12-19 16:46:20,083 INFO  [Log] $$$$$$$$$$$$$$$$$$$$$                 tc_shoppingCartTesting       $$$$$$$$$$$$$$$$$$$$$$$$$ 
2018-12-19 16:46:20,083 INFO  [Log] **************************************************************************************** 
2018-12-19 16:46:20,084 INFO  [Log] **************************************************************************************** 
2018-12-19 16:46:26,170 INFO  [Log] Opening Browser: chrome 
2018-12-19 16:46:26,306 INFO  [Log] Searching for Item: Canon 
2018-12-19 16:46:27,709 INFO  [Log] Qty added to cart: 4 
2018-12-19 16:46:29,361 INFO  [Log] customerName: Christene 
2018-12-19 16:46:29,698 INFO  [Log] customerCity: ALPHARETTA 
2018-12-19 16:46:29,808 INFO  [Log] customerState: GA 
2018-12-19 16:46:32,239 INFO  [Log] orderConfirmation: Thank you for ordering with us! 
2018-12-19 16:46:33,003 INFO  [Log] XXXXXXXXXXXXXXXXXXXXXXX             -E---N---D-             XXXXXXXXXXXXXXXXXXXXXX 
2018-12-19 16:46:33,003 INFO  [Log]   
2018-12-19 16:46:33,004 INFO  [Log]   
2018-12-19 16:46:33,004 INFO  [Log]   
2018-12-19 16:46:33,004 INFO  [Log] ----------------------- 
2018-12-19 16:46:33,176 INFO  [Log] **************************************************************************************** 
2018-12-19 16:46:33,176 INFO  [Log] **************************************************************************************** 
2018-12-19 16:46:33,176 INFO  [Log] $$$$$$$$$$$$$$$$$$$$$                 tc_shoppingCartTesting       $$$$$$$$$$$$$$$$$$$$$$$$$ 
2018-12-19 16:46:33,176 INFO  [Log] **************************************************************************************** 
2018-12-19 16:46:33,176 INFO  [Log] **************************************************************************************** 
2018-12-19 16:46:39,063 INFO  [Log] Opening Browser: chrome 
2018-12-19 16:46:39,194 INFO  [Log] Searching for Item: Echo 
2018-12-19 16:46:40,343 INFO  [Log] Qty added to cart: 5 
2018-12-19 16:46:41,703 INFO  [Log] customerName: David 
2018-12-19 16:46:41,972 INFO  [Log] customerCity: BOSTON 
2018-12-19 16:46:42,070 INFO  [Log] customerState: MA 
2018-12-19 16:46:44,497 INFO  [Log] orderConfirmation: Thank you for ordering with us! 
2018-12-19 16:46:45,212 INFO  [Log] XXXXXXXXXXXXXXXXXXXXXXX             -E---N---D-             XXXXXXXXXXXXXXXXXXXXXX 
2018-12-19 16:46:45,212 INFO  [Log]   
2018-12-19 16:46:45,213 INFO  [Log]   
2018-12-19 16:46:45,213 INFO  [Log]   
2018-12-19 16:46:45,213 INFO  [Log] ----------------------- 
